/zhome/5d/4/164964/asteroid/asteroids/lib/python3.9/site-packages/pytorch_lightning/trainer/connectors/accelerator_connector.py:446: LightningDeprecationWarning: Setting `Trainer(gpus=1)` is deprecated in v1.7 and will be removed in v2.0. Please use `Trainer(accelerator='gpu', devices=1)` instead.
  rank_zero_deprecation(
GPU available: True (cuda), used: True
TPU available: False, using: 0 TPU cores
IPU available: False, using: 0 IPUs
HPU available: False, using: 0 HPUs
LOCAL_RANK: 0 - CUDA_VISIBLE_DEVICES: [0]

  | Name      | Type           | Params
---------------------------------------------
0 | model     | DPRNNTasNet    | 3.7 M 
1 | loss_func | PITLossWrapper | 0     
---------------------------------------------
3.7 M     Trainable params
0         Non-trainable params
3.7 M     Total params
14.678    Total estimated model params size (MB)
/zhome/5d/4/164964/asteroid/asteroids/lib/python3.9/site-packages/pytorch_lightning/trainer/connectors/data_connector.py:224: PossibleUserWarning: The dataloader, val_dataloader 0, does not have many workers which may be a bottleneck. Consider increasing the value of the `num_workers` argument` (try 32 which is the number of cpus on this machine) in the `DataLoader` init to improve performance.
  rank_zero_warn(
/zhome/5d/4/164964/asteroid/asteroids/lib/python3.9/site-packages/pytorch_lightning/trainer/connectors/data_connector.py:224: PossibleUserWarning: The dataloader, train_dataloader, does not have many workers which may be a bottleneck. Consider increasing the value of the `num_workers` argument` (try 32 which is the number of cpus on this machine) in the `DataLoader` init to improve performance.
  rank_zero_warn(
`Trainer.fit` stopped: `max_epochs=100` reached.
Traceback (most recent call last):
  File "/zhome/5d/4/164964/asteroid/run_model.py", line 41, in <module>
    torch.save(model.state_dict(), '/outputs/model_test_2.pt')
  File "/zhome/5d/4/164964/asteroid/asteroids/lib/python3.9/site-packages/torch/serialization.py", line 422, in save
    with _open_zipfile_writer(f) as opened_zipfile:
  File "/zhome/5d/4/164964/asteroid/asteroids/lib/python3.9/site-packages/torch/serialization.py", line 309, in _open_zipfile_writer
    return container(name_or_buffer)
  File "/zhome/5d/4/164964/asteroid/asteroids/lib/python3.9/site-packages/torch/serialization.py", line 287, in __init__
    super(_open_zipfile_writer_file, self).__init__(torch._C.PyTorchFileWriter(str(name)))
RuntimeError: Parent directory /outputs does not exist.
